[2020-02-18 09:35:05] Текст ошибки: Страница не найдена | \
        Файл: C:\xampp\htdocs\laravel\ishop2\public\index.php | Строка: 7 
==============
[2020-02-18 09:35:05] Текст ошибки: Страница не найдена | \
        Файл: C:\xampp\htdocs\laravel\ishop2\public\index.php | Строка: 7 
==============
[2020-02-18 09:35:13] Текст ошибки: Страница не найдена | \
        Файл: C:\xampp\htdocs\laravel\ishop2\public\index.php | Строка: 7 
==============
[2020-02-18 09:35:27] Текст ошибки: Страница не найдена | \
        Файл: C:\xampp\htdocs\laravel\ishop2\public\index.php | Строка: 7 
==============
[2020-02-18 09:36:44] Текст ошибки: Страница не найдена | \
        Файл: C:\xampp\htdocs\laravel\ishop2\public\index.php | Строка: 7 
==============
[2020-02-18 09:47:55] Текст ошибки: Страница не найдена | \
        Файл: C:\xampp\htdocs\laravel\ishop2\public\index.php | Строка: 7 
==============
[2020-02-18 09:51:27] Текст ошибки: Страница не найдена | \
        Файл: C:\xampp\htdocs\laravel\ishop2\public\index.php | Строка: 7 
==============
[2020-02-18 09:51:27] Текст ошибки: Страница не найдена | \
        Файл: C:\xampp\htdocs\laravel\ishop2\public\index.php | Строка: 7 
==============
[2020-02-18 09:52:46] Текст ошибки: Страница не найдена | \
        Файл: C:\xampp\htdocs\laravel\ishop2\public\index.php | Строка: 7 
==============
[2020-02-18 09:52:46] Текст ошибки: Страница не найдена | \
        Файл: C:\xampp\htdocs\laravel\ishop2\public\index.php | Строка: 7 
==============
[2020-02-18 09:52:47] Текст ошибки: Страница не найдена | \
        Файл: C:\xampp\htdocs\laravel\ishop2\public\index.php | Строка: 7 
==============
[2020-02-18 09:52:47] Текст ошибки: Страница не найдена | \
        Файл: C:\xampp\htdocs\laravel\ishop2\public\index.php | Строка: 7 
==============
[2020-02-18 09:52:47] Текст ошибки: Страница не найдена | \
        Файл: C:\xampp\htdocs\laravel\ishop2\public\index.php | Строка: 7 
==============
[2020-02-18 09:52:47] Текст ошибки: Страница не найдена | \
        Файл: C:\xampp\htdocs\laravel\ishop2\public\index.php | Строка: 7 
==============
[2020-02-18 09:52:51] Текст ошибки: Страница не найдена | \
        Файл: C:\xampp\htdocs\laravel\ishop2\public\index.php | Строка: 7 
==============
[2020-02-18 09:52:51] Текст ошибки: Страница не найдена | \
        Файл: C:\xampp\htdocs\laravel\ishop2\public\index.php | Строка: 7 
==============
[2020-02-18 09:53:05] Текст ошибки: Страница не найдена!!! | \
        Файл: C:\xampp\htdocs\laravel\ishop2\public\index.php | Строка: 7 
==============
[2020-02-18 09:53:12] Текст ошибки: Страница не найдена!!! | \
        Файл: C:\xampp\htdocs\laravel\ishop2\public\index.php | Строка: 7 
==============
[2020-02-18 09:53:12] Текст ошибки: Страница не найдена!!! | \
        Файл: C:\xampp\htdocs\laravel\ishop2\public\index.php | Строка: 7 
==============
[2020-02-18 09:53:55] Текст ошибки: Страница не найдена!!! | \
        Файл: C:\xampp\htdocs\laravel\ishop2\public\index.php | Строка: 7 
==============
[2020-02-18 09:53:55] Текст ошибки: Страница не найдена!!! | \
        Файл: C:\xampp\htdocs\laravel\ishop2\public\index.php | Строка: 7 
==============
[2020-02-18 09:53:56] Текст ошибки: Страница не найдена!!! | \
        Файл: C:\xampp\htdocs\laravel\ishop2\public\index.php | Строка: 7 
==============
[2020-02-18 09:53:56] Текст ошибки: Страница не найдена!!! | \
        Файл: C:\xampp\htdocs\laravel\ishop2\public\index.php | Строка: 7 
==============
[2020-02-18 09:53:57] Текст ошибки: Страница не найдена!!! | \
        Файл: C:\xampp\htdocs\laravel\ishop2\public\index.php | Строка: 7 
==============
[2020-02-18 09:53:57] Текст ошибки: Страница не найдена!!! | \
        Файл: C:\xampp\htdocs\laravel\ishop2\public\index.php | Строка: 7 
==============
[2020-02-18 09:53:57] Текст ошибки: Страница не найдена!!! | \
        Файл: C:\xampp\htdocs\laravel\ishop2\public\index.php | Строка: 7 
==============
[2020-02-18 09:53:57] Текст ошибки: Страница не найдена!!! | \
        Файл: C:\xampp\htdocs\laravel\ishop2\public\index.php | Строка: 7 
==============
[2020-02-18 09:54:34] Текст ошибки: Страница не найдена!!! | \
        Файл: C:\xampp\htdocs\laravel\ishop2\public\index.php | Строка: 7 
==============
[2020-02-18 09:54:34] Текст ошибки: Страница не найдена!!! | \
        Файл: C:\xampp\htdocs\laravel\ishop2\public\index.php | Строка: 7 
==============
[2020-02-18 09:54:36] Текст ошибки: Страница не найдена!!! | \
        Файл: C:\xampp\htdocs\laravel\ishop2\public\index.php | Строка: 7 
==============
[2020-02-18 09:54:53] Текст ошибки: Страница не найдена!!! | \
        Файл: C:\xampp\htdocs\laravel\ishop2\public\index.php | Строка: 7 
==============
[2020-02-18 09:55:00] Текст ошибки: Страница не найдена!!! | \
        Файл: C:\xampp\htdocs\laravel\ishop2\public\index.php | Строка: 7 
==============
[2020-02-18 09:55:02] Текст ошибки: Страница не найдена!!! | \
        Файл: C:\xampp\htdocs\laravel\ishop2\public\index.php | Строка: 7 
==============
[2020-02-18 09:55:02] Текст ошибки: Страница не найдена!!! | \
        Файл: C:\xampp\htdocs\laravel\ishop2\public\index.php | Строка: 7 
==============
[2020-02-18 09:55:09] Текст ошибки: Страница не найдена!!! | \
        Файл: C:\xampp\htdocs\laravel\ishop2\public\index.php | Строка: 7 
==============
[2020-02-18 09:55:09] Текст ошибки: Страница не найдена!!! | \
        Файл: C:\xampp\htdocs\laravel\ishop2\public\index.php | Строка: 7 
==============
[2020-02-18 09:55:16] Текст ошибки: Страница не найдена!!! | \
        Файл: C:\xampp\htdocs\laravel\ishop2\public\index.php | Строка: 7 
==============
[2020-02-18 09:55:16] Текст ошибки: Страница не найдена!!! | \
        Файл: C:\xampp\htdocs\laravel\ishop2\public\index.php | Строка: 7 
==============
[2020-02-18 09:56:39] Текст ошибки: Страница не найдена!!! | \
        Файл: C:\xampp\htdocs\laravel\ishop2\public\index.php | Строка: 7 
==============
[2020-02-18 09:56:43] Текст ошибки: Страница не найдена!!! | \
        Файл: C:\xampp\htdocs\laravel\ishop2\public\index.php | Строка: 7 
==============
[2020-02-18 09:56:44] Текст ошибки: Страница не найдена!!! | \
        Файл: C:\xampp\htdocs\laravel\ishop2\public\index.php | Строка: 7 
==============
[2020-02-18 09:56:45] Текст ошибки: Страница не найдена!!! | \
        Файл: C:\xampp\htdocs\laravel\ishop2\public\index.php | Строка: 7 
==============
[2020-02-18 09:56:45] Текст ошибки: Страница не найдена!!! | \
        Файл: C:\xampp\htdocs\laravel\ishop2\public\index.php | Строка: 7 
==============
[2020-02-18 09:56:52] Текст ошибки: Страница не найдена!!! | \
        Файл: C:\xampp\htdocs\laravel\ishop2\public\index.php | Строка: 7 
==============
[2020-02-18 09:56:53] Текст ошибки: Страница не найдена!!! | \
        Файл: C:\xampp\htdocs\laravel\ishop2\public\index.php | Строка: 7 
==============
[2020-02-18 10:01:52] Текст ошибки: Страница не найдена!!! | \
        Файл: C:\xampp\htdocs\laravel\ishop2\public\index.php | Строка: 7 
==============
[2020-02-18 10:02:27] Текст ошибки: Страница не найдена!!! | \
        Файл: C:\xampp\htdocs\laravel\ishop2\public\index.php | Строка: 7 
==============
[2020-02-18 10:02:55] Текст ошибки: Страница не найдена!!! | \
        Файл: C:\xampp\htdocs\laravel\ishop2\public\index.php | Строка: 7 
==============
[2020-02-18 10:25:21] Текст ошибки: Страница не найдена!!! | \
        Файл: C:\xampp\htdocs\laravel\ishop2\public\index.php | Строка: 9 
==============
[2020-02-18 10:25:23] Текст ошибки: Страница не найдена!!! | \
        Файл: C:\xampp\htdocs\laravel\ishop2\public\index.php | Строка: 9 
==============
[2020-02-18 10:25:35] Текст ошибки: Call to undefined method ishop\Router::getRoutes() | \
        Файл: C:\xampp\htdocs\laravel\ishop2\public\index.php | Строка: 11 
==============
[2020-02-18 10:25:37] Текст ошибки: Call to undefined method ishop\Router::getRoutes() | \
        Файл: C:\xampp\htdocs\laravel\ishop2\public\index.php | Строка: 11 
==============
[2020-02-18 10:56:31] Текст ошибки: Страница не найдена | \
        Файл: C:\xampp\htdocs\laravel\ishop2\vendor\ishop\core\Router.php | Строка: 30 
==============
[2020-02-18 10:57:08] Текст ошибки: Страница не найдена | \
        Файл: C:\xampp\htdocs\laravel\ishop2\vendor\ishop\core\Router.php | Строка: 30 
==============
[2020-02-18 11:00:18] Текст ошибки: Страница не найдена | \
        Файл: C:\xampp\htdocs\laravel\ishop2\vendor\ishop\core\Router.php | Строка: 30 
==============
[2020-02-18 11:00:22] Текст ошибки: Страница не найдена | \
        Файл: C:\xampp\htdocs\laravel\ishop2\vendor\ishop\core\Router.php | Строка: 30 
==============
[2020-02-18 11:25:11] Текст ошибки: Class 'app\controller\PagenewController' not found | \
        Файл: C:\xampp\htdocs\laravel\ishop2\vendor\ishop\core\Router.php | Строка: 30 
==============
[2020-02-18 11:25:16] Текст ошибки: Контроллер app\controller\PagenewController не найден | \
        Файл: C:\xampp\htdocs\laravel\ishop2\vendor\ishop\core\Router.php | Строка: 33 
==============
[2020-02-18 11:27:25] Текст ошибки: Контроллер app\controller\MainController не найден | \
        Файл: C:\xampp\htdocs\laravel\ishop2\vendor\ishop\core\Router.php | Строка: 40 
==============
[2020-02-18 11:27:38] Текст ошибки: Контроллер app\controller\MainController не найден | \
        Файл: C:\xampp\htdocs\laravel\ishop2\vendor\ishop\core\Router.php | Строка: 40 
==============
[2020-02-18 11:28:21] Текст ошибки: Контроллер app\controller\MainController не найден | \
        Файл: C:\xampp\htdocs\laravel\ishop2\vendor\ishop\core\Router.php | Строка: 40 
==============
[2020-02-18 11:28:59] Текст ошибки: Контроллер app\controller\MainController не найден | \
        Файл: C:\xampp\htdocs\laravel\ishop2\vendor\ishop\core\Router.php | Строка: 40 
==============
[2020-02-18 11:29:12] Текст ошибки: Контроллер app\controller\MainController не найден | \
        Файл: C:\xampp\htdocs\laravel\ishop2\vendor\ishop\core\Router.php | Строка: 40 
==============
[2020-02-18 11:29:13] Текст ошибки: Контроллер app\controller\MainController не найден | \
        Файл: C:\xampp\htdocs\laravel\ishop2\vendor\ishop\core\Router.php | Строка: 40 
==============
[2020-02-18 11:30:20] Текст ошибки: Метод app\controllers\MainController:indexAction не найден | \
        Файл: C:\xampp\htdocs\laravel\ishop2\vendor\ishop\core\Router.php | Строка: 36 
==============
[2020-02-18 11:30:21] Текст ошибки: Метод app\controllers\MainController:indexAction не найден | \
        Файл: C:\xampp\htdocs\laravel\ishop2\vendor\ishop\core\Router.php | Строка: 36 
==============
[2020-02-18 11:30:27] Текст ошибки: Метод app\controllers\MainController:viewAction не найден | \
        Файл: C:\xampp\htdocs\laravel\ishop2\vendor\ishop\core\Router.php | Строка: 36 
==============
[2020-02-18 11:33:41] Текст ошибки: Контроллер app\controllers\PageController не найден | \
        Файл: C:\xampp\htdocs\laravel\ishop2\vendor\ishop\core\Router.php | Строка: 40 
==============
[2020-02-18 12:32:34] Текст ошибки: Не анйден шаблон default | \
        Файл: C:\xampp\htdocs\laravel\ishop2\vendor\ishop\core\base\View.php | Строка: 51 
==============
[2020-02-18 12:32:37] Текст ошибки: Не анйден шаблон default | \
        Файл: C:\xampp\htdocs\laravel\ishop2\vendor\ishop\core\base\View.php | Строка: 51 
==============
[2020-02-18 12:33:45] Текст ошибки: Не найден шаблон default | \
        Файл: C:\xampp\htdocs\laravel\ishop2\vendor\ishop\core\base\View.php | Строка: 51 
==============
[2020-02-18 12:33:46] Текст ошибки: Не найден шаблон default | \
        Файл: C:\xampp\htdocs\laravel\ishop2\vendor\ishop\core\base\View.php | Строка: 51 
==============
[2020-02-18 12:33:50] Текст ошибки: Контроллер app\controllers\PageController не найден | \
        Файл: C:\xampp\htdocs\laravel\ishop2\vendor\ishop\core\Router.php | Строка: 41 
==============
[2020-02-18 12:33:54] Текст ошибки: Не найден шаблон default | \
        Файл: C:\xampp\htdocs\laravel\ishop2\vendor\ishop\core\base\View.php | Строка: 51 
==============
[2020-02-18 12:33:54] Текст ошибки: Не найден шаблон default | \
        Файл: C:\xampp\htdocs\laravel\ishop2\vendor\ishop\core\base\View.php | Строка: 51 
==============
[2020-02-18 12:34:05] Текст ошибки: Не найден шаблон default | \
        Файл: C:\xampp\htdocs\laravel\ishop2\vendor\ishop\core\base\View.php | Строка: 51 
==============
[2020-02-18 12:34:10] Текст ошибки: Метод app\controllers\MainController::actiAction не найден | \
        Файл: C:\xampp\htdocs\laravel\ishop2\vendor\ishop\core\Router.php | Строка: 37 
==============
[2020-02-18 12:34:55] Текст ошибки: Не найден шаблон default | \
        Файл: C:\xampp\htdocs\laravel\ishop2\vendor\ishop\core\base\View.php | Строка: 51 
==============
[2020-02-18 12:34:58] Текст ошибки: Не найден шаблон default | \
        Файл: C:\xampp\htdocs\laravel\ishop2\vendor\ishop\core\base\View.php | Строка: 51 
==============
[2020-02-18 12:36:04] Текст ошибки: Контроллер app\controllers\PageController не найден | \
        Файл: C:\xampp\htdocs\laravel\ishop2\vendor\ishop\core\Router.php | Строка: 41 
==============
[2020-02-18 12:36:04] Текст ошибки: Контроллер app\controllers\PageController не найден | \
        Файл: C:\xampp\htdocs\laravel\ishop2\vendor\ishop\core\Router.php | Строка: 41 
==============
[2020-02-18 12:36:08] Текст ошибки: Не найден шаблон default | \
        Файл: C:\xampp\htdocs\laravel\ishop2\vendor\ishop\core\base\View.php | Строка: 51 
==============
[2020-02-18 12:36:11] Текст ошибки: Не найден шаблон default | \
        Файл: C:\xampp\htdocs\laravel\ishop2\vendor\ishop\core\base\View.php | Строка: 51 
==============
[2020-02-18 12:36:15] Текст ошибки: Контроллер app\controllers\AdController не найден | \
        Файл: C:\xampp\htdocs\laravel\ishop2\vendor\ishop\core\Router.php | Строка: 41 
==============
[2020-02-18 12:36:39] Текст ошибки: Не найден шаблон default | \
        Файл: C:\xampp\htdocs\laravel\ishop2\vendor\ishop\core\base\View.php | Строка: 51 
==============
[2020-02-18 12:38:08] Текст ошибки: Не найден шаблон default | \
        Файл: C:\xampp\htdocs\laravel\ishop2\vendor\ishop\core\base\View.php | Строка: 51 
==============
[2020-02-18 12:38:12] Текст ошибки: Не найден шаблон default | \
        Файл: C:\xampp\htdocs\laravel\ishop2\vendor\ishop\core\base\View.php | Строка: 51 
==============
[2020-02-18 12:49:54] Текст ошибки: Контроллер app\controllers\AsdController не найден | \
        Файл: C:\xampp\htdocs\laravel\ishop2\vendor\ishop\core\Router.php | Строка: 41 
==============
[2020-02-18 13:07:16] Текст ошибки: Контроллер app\controllers\AsdController не найден | \
        Файл: C:\xampp\htdocs\laravel\ishop2\vendor\ishop\core\Router.php | Строка: 41 
==============
[2020-02-18 13:10:12] Текст ошибки: Call to a member function getProperty() on null | \
        Файл: C:\xampp\htdocs\laravel\ishop2\app\controllers\MainController.php | Строка: 14 
==============
[2020-02-18 13:10:17] Текст ошибки: Call to a member function getProperty() on null | \
        Файл: C:\xampp\htdocs\laravel\ishop2\app\controllers\MainController.php | Строка: 14 
==============
[2020-02-18 13:24:21] Текст ошибки: Страница не найдена | \
        Файл: C:\xampp\htdocs\laravel\ishop2\vendor\ishop\core\Router.php | Строка: 45 
==============
[2020-02-18 13:24:35] Текст ошибки: Страница не найдена | \
        Файл: C:\xampp\htdocs\laravel\ishop2\vendor\ishop\core\Router.php | Строка: 45 
==============
[2020-02-18 13:25:05] Текст ошибки: Страница не найдена | \
        Файл: C:\xampp\htdocs\laravel\ishop2\vendor\ishop\core\Router.php | Строка: 45 
==============
[2020-02-18 13:29:27] Текст ошибки: Страница не найдена | \
        Файл: C:\xampp\htdocs\laravel\ishop2\vendor\ishop\core\Router.php | Строка: 46 
==============
[2020-02-18 13:30:06] Текст ошибки: Страница не найдена | \
        Файл: C:\xampp\htdocs\laravel\ishop2\vendor\ishop\core\Router.php | Строка: 46 
==============
[2020-02-18 13:30:57] Текст ошибки: Страница не найдена | \
        Файл: C:\xampp\htdocs\laravel\ishop2\vendor\ishop\core\Router.php | Строка: 46 
==============
[2020-02-18 13:31:23] Текст ошибки: Страница не найдена | \
        Файл: C:\xampp\htdocs\laravel\ishop2\vendor\ishop\core\Router.php | Строка: 46 
==============
[2020-02-18 13:32:30] Текст ошибки: Страница не найдена | \
        Файл: C:\xampp\htdocs\laravel\ishop2\vendor\ishop\core\Router.php | Строка: 46 
==============
[2020-02-18 13:32:30] Текст ошибки: Страница не найдена | \
        Файл: C:\xampp\htdocs\laravel\ishop2\vendor\ishop\core\Router.php | Строка: 46 
==============
[2020-02-18 13:32:31] Текст ошибки: Страница не найдена | \
        Файл: C:\xampp\htdocs\laravel\ishop2\vendor\ishop\core\Router.php | Строка: 46 
==============
[2020-02-18 13:32:31] Текст ошибки: Страница не найдена | \
        Файл: C:\xampp\htdocs\laravel\ishop2\vendor\ishop\core\Router.php | Строка: 46 
==============
[2020-02-18 13:32:33] Текст ошибки: Страница не найдена | \
        Файл: C:\xampp\htdocs\laravel\ishop2\vendor\ishop\core\Router.php | Строка: 46 
==============
[2020-02-18 13:32:46] Текст ошибки: Страница не найдена | \
        Файл: C:\xampp\htdocs\laravel\ishop2\vendor\ishop\core\Router.php | Строка: 46 
==============
[2020-02-18 13:34:56] Текст ошибки: Метод app\controllers\PageController::indexAction не найден | \
        Файл: C:\xampp\htdocs\laravel\ishop2\vendor\ishop\core\Router.php | Строка: 39 
==============
[2020-02-18 13:35:38] Текст ошибки: Метод app\controllers\PageController::indexAction не найден | \
        Файл: C:\xampp\htdocs\laravel\ishop2\vendor\ishop\core\Router.php | Строка: 38 
==============
